<?xml version="1.0" encoding="UTF-8"?>
<!-- Generated by org.testng.reporters.JUnitReportReporter -->
<testsuite hostname="Anastasiyas-MBP.local.tld" failures="0" tests="9" name="scripts.SwagLabsLoginFormTest" time="95.767" errors="0" timestamp="2023-05-30T09:34:18 CDT" skipped="0">
  <testcase classname="scripts.SwagLabsLoginFormTest" name="validateLoginFormCard" time="7.082"/>
  <system-out/>
  <testcase classname="scripts.SwagLabsLoginFormTest" name="validateLoginWithValidCredentials" time="17.820"/>
  <system-out/>
  <testcase classname="scripts.SwagLabsLoginFormTest" name="validateLoginWithValidCredentials" time="11.351"/>
  <system-out/>
  <testcase classname="scripts.SwagLabsLoginFormTest" name="validateLoginWithValidCredentials" time="11.151"/>
  <system-out/>
  <testcase classname="scripts.SwagLabsLoginFormTest" name="validateLoginFormCard" time="8.201"/>
  <system-out/>
  <testcase classname="scripts.SwagLabsLoginFormTest" name="validateLoginFormCard" time="9.032"/>
  <system-out/>
  <testcase classname="scripts.SwagLabsLoginFormTest" name="validateLoginFormCard" time="10.199"/>
  <system-out/>
  <testcase classname="scripts.SwagLabsLoginFormTest" name="validateLoginFormCard" time="8.489"/>
  <system-out/>
  <testcase classname="scripts.SwagLabsLoginFormTest" name="validateLoginFormCard" time="12.442"/>
  <system-out/>
</testsuite> <!-- scripts.SwagLabsLoginFormTest -->
