<?xml version="1.0" encoding="UTF-8"?>
<!-- Generated by org.testng.reporters.JUnitReportReporter -->
<testsuite hostname="Anastasiyas-MacBook-Pro.local" failures="0" tests="9" name="scripts.SwagLabsLoginFormTest" time="175.874" errors="0" timestamp="2023-05-29T12:56:56 CDT" skipped="0">
  <testcase classname="scripts.SwagLabsLoginFormTest" name="validateLoginFormCard" time="6.378"/>
  <system-out/>
  <testcase classname="scripts.SwagLabsLoginFormTest" name="validateLoginWithValidCredentials" time="39.825"/>
  <system-out/>
  <testcase classname="scripts.SwagLabsLoginFormTest" name="validateLoginWithValidCredentials" time="41.806"/>
  <system-out/>
  <testcase classname="scripts.SwagLabsLoginFormTest" name="validateLoginWithValidCredentials" time="46.306"/>
  <system-out/>
  <testcase classname="scripts.SwagLabsLoginFormTest" name="validateLoginFormCard" time="7.238"/>
  <system-out/>
  <testcase classname="scripts.SwagLabsLoginFormTest" name="validateLoginFormCard" time="7.964"/>
  <system-out/>
  <testcase classname="scripts.SwagLabsLoginFormTest" name="validateLoginFormCard" time="10.157"/>
  <system-out/>
  <testcase classname="scripts.SwagLabsLoginFormTest" name="validateLoginFormCard" time="7.786"/>
  <system-out/>
  <testcase classname="scripts.SwagLabsLoginFormTest" name="validateLoginFormCard" time="8.414"/>
  <system-out/>
</testsuite> <!-- scripts.SwagLabsLoginFormTest -->
