<?xml version="1.0" encoding="UTF-8"?>
<!-- Generated by org.testng.reporters.JUnitReportReporter -->
<testsuite hostname="Anastasiyas-MBP.local.tld" failures="0" tests="9" name="scripts.SwagLabsLoginFormTest" time="85.989" errors="0" timestamp="2023-05-30T10:01:32 CDT" skipped="0">
  <testcase classname="scripts.SwagLabsLoginFormTest" name="validateLoginFormCard" time="6.507"/>
  <system-out/>
  <testcase classname="scripts.SwagLabsLoginFormTest" name="validateLoginWithValidCredentials" time="16.403"/>
  <system-out/>
  <testcase classname="scripts.SwagLabsLoginFormTest" name="validateLoginWithValidCredentials" time="10.158"/>
  <system-out/>
  <testcase classname="scripts.SwagLabsLoginFormTest" name="validateLoginWithValidCredentials" time="9.900"/>
  <system-out/>
  <testcase classname="scripts.SwagLabsLoginFormTest" name="validateLoginFormCard" time="9.275"/>
  <system-out/>
  <testcase classname="scripts.SwagLabsLoginFormTest" name="validateLoginFormCard" time="8.433"/>
  <system-out/>
  <testcase classname="scripts.SwagLabsLoginFormTest" name="validateLoginFormCard" time="9.623"/>
  <system-out/>
  <testcase classname="scripts.SwagLabsLoginFormTest" name="validateLoginFormCard" time="7.855"/>
  <system-out/>
  <testcase classname="scripts.SwagLabsLoginFormTest" name="validateLoginFormCard" time="7.835"/>
  <system-out/>
</testsuite> <!-- scripts.SwagLabsLoginFormTest -->
